<?xml version="1.0" encoding="UTF-8"?>
<results version="2">
    <cppcheck version="2.16.0"/>
    <errors>
        <error id="normalCheckLevelMaxBranches" severity="information" msg="Limiting analysis of branches. Use --check-level=exhaustive to analyze all branches." verbose="Limiting analysis of branches. Use --check-level=exhaustive to analyze all branches." file0="F:/Benchmark/GitMaterial_tongyi/ProblemInfoCrawler/output/c/Hard/1935-vertical-order-traversal-of-a-binary-tree.c">
            <location file="F:\Benchmark\GitMaterial_tongyi\ProblemInfoCrawler\output\c\Hard\1935-vertical-order-traversal-of-a-binary-tree.c" line="0" column="0"/>
        </error>
        <error id="unreadVariable" severity="style" msg="Variable &apos;size&apos; is assigned a value that is never used." verbose="Variable &apos;size&apos; is assigned a value that is never used." cwe="563" file0="F:/Benchmark/GitMaterial_tongyi/ProblemInfoCrawler/output/c/Hard/1935-vertical-order-traversal-of-a-binary-tree.c">
            <location file="F:\Benchmark\GitMaterial_tongyi\ProblemInfoCrawler\output\c\Hard\1935-vertical-order-traversal-of-a-binary-tree.c" line="80" column="18"/>
            <symbol>size</symbol>
        </error>
        <error id="unusedFunction" severity="style" msg="The function &apos;verticalTraversal&apos; is never used." verbose="The function &apos;verticalTraversal&apos; is never used." cwe="561">
            <location file="F:\Benchmark\GitMaterial_tongyi\ProblemInfoCrawler\output\c\Hard\1935-vertical-order-traversal-of-a-binary-tree.c" line="49" column="0"/>
            <symbol>verticalTraversal</symbol>
        </error>
        <error id="checkersReport" severity="information" msg="Active checkers: 108/836 (use --checkers-report=&lt;filename&gt; to see details)" verbose="Active checkers: 108/836 (use --checkers-report=&lt;filename&gt; to see details)"/>
    </errors>
</results>
