<?xml version="1.0" encoding="UTF-8"?>
<results version="2">
    <cppcheck version="2.16.0"/>
    <errors>
        <error id="normalCheckLevelMaxBranches" severity="information" msg="Limiting analysis of branches. Use --check-level=exhaustive to analyze all branches." verbose="Limiting analysis of branches. Use --check-level=exhaustive to analyze all branches." file0="F:/Benchmark/GitMaterial_tongyi/ProblemInfoCrawler/output/c/Medium/1000-walking-robot-simulation.c">
            <location file="F:\Benchmark\GitMaterial_tongyi\ProblemInfoCrawler\output\c\Medium\1000-walking-robot-simulation.c" line="0" column="0"/>
        </error>
        <error id="variableScope" severity="style" msg="The scope of the variable &apos;p&apos; can be reduced." verbose="The scope of the variable &apos;p&apos; can be reduced. Warning: Be careful when fixing this message, especially when there are inner loops. Here is an example where cppcheck will write that the scope for &apos;i&apos; can be reduced:\012void f(int x)\012{\012    int i = 0;\012    if (x) {\012        // it&apos;s safe to move &apos;int i = 0;&apos; here\012        for (int n = 0; n &lt; 10; ++n) {\012            // it is possible but not safe to move &apos;int i = 0;&apos; here\012            do_something(&amp;i);\012        }\012    }\012}\012When you see this message it is always safe to reduce the variable scope 1 level." cwe="398" file0="F:/Benchmark/GitMaterial_tongyi/ProblemInfoCrawler/output/c/Medium/1000-walking-robot-simulation.c">
            <location file="F:\Benchmark\GitMaterial_tongyi\ProblemInfoCrawler\output\c\Medium\1000-walking-robot-simulation.c" line="55" column="10"/>
            <symbol>p</symbol>
        </error>
        <error id="constParameterPointer" severity="style" msg="Parameter &apos;commands&apos; can be declared as pointer to const" verbose="Parameter &apos;commands&apos; can be declared as pointer to const" cwe="398" file0="F:/Benchmark/GitMaterial_tongyi/ProblemInfoCrawler/output/c/Medium/1000-walking-robot-simulation.c">
            <location file="F:\Benchmark\GitMaterial_tongyi\ProblemInfoCrawler\output\c\Medium\1000-walking-robot-simulation.c" line="49" column="19" info="Parameter &apos;commands&apos; can be declared as pointer to const"/>
            <symbol>commands</symbol>
        </error>
        <error id="constParameterPointer" severity="style" msg="Parameter &apos;obstaclesColSize&apos; can be declared as pointer to const" verbose="Parameter &apos;obstaclesColSize&apos; can be declared as pointer to const" cwe="398" file0="F:/Benchmark/GitMaterial_tongyi/ProblemInfoCrawler/output/c/Medium/1000-walking-robot-simulation.c">
            <location file="F:\Benchmark\GitMaterial_tongyi\ProblemInfoCrawler\output\c\Medium\1000-walking-robot-simulation.c" line="49" column="88" info="Parameter &apos;obstaclesColSize&apos; can be declared as pointer to const"/>
            <symbol>obstaclesColSize</symbol>
        </error>
        <error id="constVariable" severity="style" msg="Variable &apos;dx&apos; can be declared as const array" verbose="Variable &apos;dx&apos; can be declared as const array" cwe="398" file0="F:/Benchmark/GitMaterial_tongyi/ProblemInfoCrawler/output/c/Medium/1000-walking-robot-simulation.c">
            <location file="F:\Benchmark\GitMaterial_tongyi\ProblemInfoCrawler\output\c\Medium\1000-walking-robot-simulation.c" line="51" column="9" info="Variable &apos;dx&apos; can be declared as const array"/>
            <symbol>dx</symbol>
        </error>
        <error id="constVariablePointer" severity="style" msg="Variable &apos;p&apos; can be declared as pointer to const" verbose="Variable &apos;p&apos; can be declared as pointer to const" cwe="398" file0="F:/Benchmark/GitMaterial_tongyi/ProblemInfoCrawler/output/c/Medium/1000-walking-robot-simulation.c">
            <location file="F:\Benchmark\GitMaterial_tongyi\ProblemInfoCrawler\output\c\Medium\1000-walking-robot-simulation.c" line="55" column="10" info="Variable &apos;p&apos; can be declared as pointer to const"/>
            <symbol>p</symbol>
        </error>
        <error id="unreadVariable" severity="style" msg="Variable &apos;y&apos; is assigned a value that is never used." verbose="Variable &apos;y&apos; is assigned a value that is never used." cwe="563" file0="F:/Benchmark/GitMaterial_tongyi/ProblemInfoCrawler/output/c/Medium/1000-walking-robot-simulation.c">
            <location file="F:\Benchmark\GitMaterial_tongyi\ProblemInfoCrawler\output\c\Medium\1000-walking-robot-simulation.c" line="50" column="18"/>
            <symbol>y</symbol>
        </error>
        <error id="unreadVariable" severity="style" msg="Variable &apos;dy&apos; is assigned a value that is never used." verbose="Variable &apos;dy&apos; is assigned a value that is never used." cwe="563" file0="F:/Benchmark/GitMaterial_tongyi/ProblemInfoCrawler/output/c/Medium/1000-walking-robot-simulation.c">
            <location file="F:\Benchmark\GitMaterial_tongyi\ProblemInfoCrawler\output\c\Medium\1000-walking-robot-simulation.c" line="52" column="15"/>
            <symbol>dy</symbol>
        </error>
        <error id="unreadVariable" severity="style" msg="Variable &apos;ans&apos; is assigned a value that is never used." verbose="Variable &apos;ans&apos; is assigned a value that is never used." cwe="563" file0="F:/Benchmark/GitMaterial_tongyi/ProblemInfoCrawler/output/c/Medium/1000-walking-robot-simulation.c">
            <location file="F:\Benchmark\GitMaterial_tongyi\ProblemInfoCrawler\output\c\Medium\1000-walking-robot-simulation.c" line="53" column="13"/>
            <symbol>ans</symbol>
        </error>
        <error id="unreadVariable" severity="style" msg="Variable &apos;nx&apos; is assigned a value that is never used." verbose="Variable &apos;nx&apos; is assigned a value that is never used." cwe="563" file0="F:/Benchmark/GitMaterial_tongyi/ProblemInfoCrawler/output/c/Medium/1000-walking-robot-simulation.c">
            <location file="F:\Benchmark\GitMaterial_tongyi\ProblemInfoCrawler\output\c\Medium\1000-walking-robot-simulation.c" line="70" column="24"/>
            <symbol>nx</symbol>
        </error>
        <error id="unusedVariable" severity="style" msg="Unused variable: k" verbose="Unused variable: k" cwe="563" file0="F:/Benchmark/GitMaterial_tongyi/ProblemInfoCrawler/output/c/Medium/1000-walking-robot-simulation.c">
            <location file="F:\Benchmark\GitMaterial_tongyi\ProblemInfoCrawler\output\c\Medium\1000-walking-robot-simulation.c" line="54" column="15"/>
            <symbol>k</symbol>
        </error>
        <error id="unusedFunction" severity="style" msg="The function &apos;robotSim&apos; is never used." verbose="The function &apos;robotSim&apos; is never used." cwe="561">
            <location file="F:\Benchmark\GitMaterial_tongyi\ProblemInfoCrawler\output\c\Medium\1000-walking-robot-simulation.c" line="49" column="0"/>
            <symbol>robotSim</symbol>
        </error>
        <error id="checkersReport" severity="information" msg="Active checkers: 108/836 (use --checkers-report=&lt;filename&gt; to see details)" verbose="Active checkers: 108/836 (use --checkers-report=&lt;filename&gt; to see details)"/>
    </errors>
</results>
