<?xml version="1.0" encoding="UTF-8"?>
<results version="2">
    <cppcheck version="2.16.0"/>
    <errors>
        <error id="variableScope" severity="style" msg="The scope of the variable &apos;cnt&apos; can be reduced." verbose="The scope of the variable &apos;cnt&apos; can be reduced. Warning: Be careful when fixing this message, especially when there are inner loops. Here is an example where cppcheck will write that the scope for &apos;i&apos; can be reduced:\012void f(int x)\012{\012    int i = 0;\012    if (x) {\012        // it&apos;s safe to move &apos;int i = 0;&apos; here\012        for (int n = 0; n &lt; 10; ++n) {\012            // it is possible but not safe to move &apos;int i = 0;&apos; here\012            do_something(&amp;i);\012        }\012    }\012}\012When you see this message it is always safe to reduce the variable scope 1 level." cwe="398" file0="F:/Benchmark/GitMaterial_tongyi/ProblemInfoCrawler/output/c/Medium/1565-steps-to-make-array-non-decreasing.c">
            <location file="F:\Benchmark\GitMaterial_tongyi\ProblemInfoCrawler\output\c\Medium\1565-steps-to-make-array-non-decreasing.c" line="22" column="24"/>
            <symbol>cnt</symbol>
        </error>
        <error id="constParameterPointer" severity="style" msg="Parameter &apos;nums&apos; can be declared as pointer to const" verbose="Parameter &apos;nums&apos; can be declared as pointer to const" cwe="398" file0="F:/Benchmark/GitMaterial_tongyi/ProblemInfoCrawler/output/c/Medium/1565-steps-to-make-array-non-decreasing.c">
            <location file="F:\Benchmark\GitMaterial_tongyi\ProblemInfoCrawler\output\c\Medium\1565-steps-to-make-array-non-decreasing.c" line="21" column="21" info="Parameter &apos;nums&apos; can be declared as pointer to const"/>
            <symbol>nums</symbol>
        </error>
        <error id="constVariablePointer" severity="style" msg="Variable &apos;stk&apos; can be declared as pointer to const" verbose="Variable &apos;stk&apos; can be declared as pointer to const" cwe="398" file0="F:/Benchmark/GitMaterial_tongyi/ProblemInfoCrawler/output/c/Medium/1565-steps-to-make-array-non-decreasing.c">
            <location file="F:\Benchmark\GitMaterial_tongyi\ProblemInfoCrawler\output\c\Medium\1565-steps-to-make-array-non-decreasing.c" line="22" column="40" info="Variable &apos;stk&apos; can be declared as pointer to const"/>
            <symbol>stk</symbol>
        </error>
        <error id="uninitdata" severity="error" msg="Memory is allocated but not initialized: stk[j]" verbose="Memory is allocated but not initialized: stk[j]" cwe="457" file0="F:/Benchmark/GitMaterial_tongyi/ProblemInfoCrawler/output/c/Medium/1565-steps-to-make-array-non-decreasing.c">
            <location file="F:\Benchmark\GitMaterial_tongyi\ProblemInfoCrawler\output\c\Medium\1565-steps-to-make-array-non-decreasing.c" line="32" column="25"/>
            <symbol>stk[j]</symbol>
        </error>
        <error id="unreadVariable" severity="style" msg="Variable &apos;cnt&apos; is assigned a value that is never used." verbose="Variable &apos;cnt&apos; is assigned a value that is never used." cwe="563" file0="F:/Benchmark/GitMaterial_tongyi/ProblemInfoCrawler/output/c/Medium/1565-steps-to-make-array-non-decreasing.c">
            <location file="F:\Benchmark\GitMaterial_tongyi\ProblemInfoCrawler\output\c\Medium\1565-steps-to-make-array-non-decreasing.c" line="30" column="13"/>
            <symbol>cnt</symbol>
        </error>
        <error id="unreadVariable" severity="style" msg="Variable &apos;cnt&apos; is assigned a value that is never used." verbose="Variable &apos;cnt&apos; is assigned a value that is never used." cwe="563" file0="F:/Benchmark/GitMaterial_tongyi/ProblemInfoCrawler/output/c/Medium/1565-steps-to-make-array-non-decreasing.c">
            <location file="F:\Benchmark\GitMaterial_tongyi\ProblemInfoCrawler\output\c\Medium\1565-steps-to-make-array-non-decreasing.c" line="33" column="21"/>
            <symbol>cnt</symbol>
        </error>
        <error id="unusedVariable" severity="style" msg="Unused variable: k" verbose="Unused variable: k" cwe="563" file0="F:/Benchmark/GitMaterial_tongyi/ProblemInfoCrawler/output/c/Medium/1565-steps-to-make-array-non-decreasing.c">
            <location file="F:\Benchmark\GitMaterial_tongyi\ProblemInfoCrawler\output\c\Medium\1565-steps-to-make-array-non-decreasing.c" line="22" column="15"/>
            <symbol>k</symbol>
        </error>
        <error id="unusedVariable" severity="style" msg="Unused variable: m" verbose="Unused variable: m" cwe="563" file0="F:/Benchmark/GitMaterial_tongyi/ProblemInfoCrawler/output/c/Medium/1565-steps-to-make-array-non-decreasing.c">
            <location file="F:\Benchmark\GitMaterial_tongyi\ProblemInfoCrawler\output\c\Medium\1565-steps-to-make-array-non-decreasing.c" line="22" column="21"/>
            <symbol>m</symbol>
        </error>
        <error id="unusedVariable" severity="style" msg="Unused variable: ans" verbose="Unused variable: ans" cwe="563" file0="F:/Benchmark/GitMaterial_tongyi/ProblemInfoCrawler/output/c/Medium/1565-steps-to-make-array-non-decreasing.c">
            <location file="F:\Benchmark\GitMaterial_tongyi\ProblemInfoCrawler\output\c\Medium\1565-steps-to-make-array-non-decreasing.c" line="22" column="29"/>
            <symbol>ans</symbol>
        </error>
        <error id="unusedFunction" severity="style" msg="The function &apos;totalSteps&apos; is never used." verbose="The function &apos;totalSteps&apos; is never used." cwe="561">
            <location file="F:\Benchmark\GitMaterial_tongyi\ProblemInfoCrawler\output\c\Medium\1565-steps-to-make-array-non-decreasing.c" line="21" column="0"/>
            <symbol>totalSteps</symbol>
        </error>
        <error id="checkersReport" severity="information" msg="Active checkers: 108/836 (use --checkers-report=&lt;filename&gt; to see details)" verbose="Active checkers: 108/836 (use --checkers-report=&lt;filename&gt; to see details)"/>
    </errors>
</results>
