<?xml version="1.0" encoding="UTF-8"?>
<results version="2">
    <cppcheck version="2.16.0"/>
    <errors>
        <error id="shadowVariable" severity="style" msg="Local variable &apos;cnt&apos; shadows outer variable" verbose="Local variable &apos;cnt&apos; shadows outer variable" cwe="398" file0="F:/Benchmark/GitMaterial_Tabnine/ProblemInfoCrawler/output/cpp/Hard/1843-zuma-game.cpp">
            <location file="F:\Benchmark\GitMaterial_Tabnine\ProblemInfoCrawler\output\cpp\Hard\1843-zuma-game.cpp" line="69" column="24" info="Shadow variable"/>
            <location file="F:\Benchmark\GitMaterial_Tabnine\ProblemInfoCrawler\output\cpp\Hard\1843-zuma-game.cpp" line="45" column="34" info="Shadowed declaration"/>
            <symbol>cnt</symbol>
        </error>
        <error id="unusedFunction" severity="style" msg="The function &apos;findMinStep&apos; is never used." verbose="The function &apos;findMinStep&apos; is never used." cwe="561">
            <location file="F:\Benchmark\GitMaterial_Tabnine\ProblemInfoCrawler\output\cpp\Hard\1843-zuma-game.cpp" line="44" column="0"/>
            <symbol>findMinStep</symbol>
        </error>
        <error id="checkersReport" severity="information" msg="Active checkers: 167/836 (use --checkers-report=&lt;filename&gt; to see details)" verbose="Active checkers: 167/836 (use --checkers-report=&lt;filename&gt; to see details)"/>
    </errors>
</results>
