<?xml version="1.0" encoding="UTF-8"?>
<results version="2">
    <cppcheck version="2.16.0"/>
    <errors>
        <error id="redundantCondition" severity="style" msg="Redundant condition: The condition &apos;low[0]-&apos;0&apos; &lt;= 9&apos; is redundant since &apos;low[0]-&apos;0&apos; &lt;= 1&apos; is sufficient." verbose="Redundant condition: The condition &apos;low[0]-&apos;0&apos; &lt;= 9&apos; is redundant since &apos;low[0]-&apos;0&apos; &lt;= 1&apos; is sufficient." cwe="398" file0="F:/Benchmark/GitMaterial_Tabnine/ProblemInfoCrawler/output/cpp/Hard/2258-count-stepping-numbers-in-range.cpp">
            <location file="F:\Benchmark\GitMaterial_Tabnine\ProblemInfoCrawler\output\cpp\Hard\2258-count-stepping-numbers-in-range.cpp" line="42" column="41"/>
        </error>
        <error id="unreadVariable" severity="style" msg="Variable &apos;d&apos; is assigned a value that is never used." verbose="Variable &apos;d&apos; is assigned a value that is never used." cwe="563" file0="F:/Benchmark/GitMaterial_Tabnine/ProblemInfoCrawler/output/cpp/Hard/2258-count-stepping-numbers-in-range.cpp">
            <location file="F:\Benchmark\GitMaterial_Tabnine\ProblemInfoCrawler\output\cpp\Hard\2258-count-stepping-numbers-in-range.cpp" line="38" column="19"/>
            <symbol>d</symbol>
        </error>
        <error id="unusedFunction" severity="style" msg="The function &apos;countSteppingNumbers&apos; is never used." verbose="The function &apos;countSteppingNumbers&apos; is never used." cwe="561">
            <location file="F:\Benchmark\GitMaterial_Tabnine\ProblemInfoCrawler\output\cpp\Hard\2258-count-stepping-numbers-in-range.cpp" line="24" column="0"/>
            <symbol>countSteppingNumbers</symbol>
        </error>
        <error id="checkersReport" severity="information" msg="Active checkers: 167/836 (use --checkers-report=&lt;filename&gt; to see details)" verbose="Active checkers: 167/836 (use --checkers-report=&lt;filename&gt; to see details)"/>
    </errors>
</results>
