<?xml version="1.0" encoding="UTF-8"?>
<results version="2">
    <cppcheck version="2.16.0"/>
    <errors>
        <error id="unreadVariable" severity="style" msg="Variable &apos;pow2_r&apos; is assigned a value that is never used." verbose="Variable &apos;pow2_r&apos; is assigned a value that is never used." cwe="563" file0="F:/Benchmark/GitMaterial_tongyi/ProblemInfoCrawler/output/cpp/Hard/1912-sum-of-subsequence-widths.cpp">
            <location file="F:\Benchmark\GitMaterial_tongyi\ProblemInfoCrawler\output\cpp\Hard\1912-sum-of-subsequence-widths.cpp" line="24" column="39"/>
            <symbol>pow2_r</symbol>
        </error>
        <error id="unusedFunction" severity="style" msg="The function &apos;sumSubseqWidths&apos; is never used." verbose="The function &apos;sumSubseqWidths&apos; is never used." cwe="561">
            <location file="F:\Benchmark\GitMaterial_tongyi\ProblemInfoCrawler\output\cpp\Hard\1912-sum-of-subsequence-widths.cpp" line="21" column="0"/>
            <symbol>sumSubseqWidths</symbol>
        </error>
        <error id="checkersReport" severity="information" msg="Active checkers: 167/836 (use --checkers-report=&lt;filename&gt; to see details)" verbose="Active checkers: 167/836 (use --checkers-report=&lt;filename&gt; to see details)"/>
    </errors>
</results>
