<?xml version="1.0" encoding="UTF-8"?>
<results version="2">
    <cppcheck version="2.16.0"/>
    <errors>
        <error id="shadowArgument" severity="style" msg="Local variable &apos;k&apos; shadows outer argument" verbose="Local variable &apos;k&apos; shadows outer argument" cwe="398" file0="F:/Benchmark/new/Codeium/output/c/Hard/3525-find-x-value-of-array-ii.c">
            <location file="F:\Benchmark\new\Codeium\output\c\Hard\3525-find-x-value-of-array-ii.c" line="63" column="22" info="Shadow variable"/>
            <location file="F:\Benchmark\new\Codeium\output\c\Hard\3525-find-x-value-of-array-ii.c" line="51" column="47" info="Shadowed declaration"/>
            <symbol>k</symbol>
        </error>
        <error id="unusedFunction" severity="style" msg="The function &apos;resultArray&apos; is never used." verbose="The function &apos;resultArray&apos; is never used." cwe="561">
            <location file="F:\Benchmark\new\Codeium\output\c\Hard\3525-find-x-value-of-array-ii.c" line="51" column="0"/>
            <symbol>resultArray</symbol>
        </error>
        <error id="checkersReport" severity="information" msg="Active checkers: 108/836 (use --checkers-report=&lt;filename&gt; to see details)" verbose="Active checkers: 108/836 (use --checkers-report=&lt;filename&gt; to see details)"/>
    </errors>
</results>
