<?xml version="1.0" encoding="UTF-8"?>
<results version="2">
    <cppcheck version="2.16.0"/>
    <errors>
        <error id="normalCheckLevelMaxBranches" severity="information" msg="Limiting analysis of branches. Use --check-level=exhaustive to analyze all branches." verbose="Limiting analysis of branches. Use --check-level=exhaustive to analyze all branches." file0="F:/Benchmark/GitMaterial_CodeWhisperer/ProblemInfoCrawler/output/c/Hard/2189-find-the-k-sum-of-an-array.c">
            <location file="F:\Benchmark\GitMaterial_CodeWhisperer\ProblemInfoCrawler\output\c\Hard\2189-find-the-k-sum-of-an-array.c" line="0" column="0"/>
        </error>
        <error id="shadowArgument" severity="style" msg="Local variable &apos;k&apos; shadows outer argument" verbose="Local variable &apos;k&apos; shadows outer argument" cwe="398" file0="F:/Benchmark/GitMaterial_CodeWhisperer/ProblemInfoCrawler/output/c/Hard/2189-find-the-k-sum-of-an-array.c">
            <location file="F:\Benchmark\GitMaterial_CodeWhisperer\ProblemInfoCrawler\output\c\Hard\2189-find-the-k-sum-of-an-array.c" line="52" column="26" info="Shadow variable"/>
            <location file="F:\Benchmark\GitMaterial_CodeWhisperer\ProblemInfoCrawler\output\c\Hard\2189-find-the-k-sum-of-an-array.c" line="24" column="45" info="Shadowed declaration"/>
            <symbol>k</symbol>
        </error>
        <error id="constParameterPointer" severity="style" msg="Parameter &apos;nums&apos; can be declared as pointer to const" verbose="Parameter &apos;nums&apos; can be declared as pointer to const" cwe="398" file0="F:/Benchmark/GitMaterial_CodeWhisperer/ProblemInfoCrawler/output/c/Hard/2189-find-the-k-sum-of-an-array.c">
            <location file="F:\Benchmark\GitMaterial_CodeWhisperer\ProblemInfoCrawler\output\c\Hard\2189-find-the-k-sum-of-an-array.c" line="24" column="21" info="Parameter &apos;nums&apos; can be declared as pointer to const"/>
            <symbol>nums</symbol>
        </error>
        <error id="unusedFunction" severity="style" msg="The function &apos;kSum&apos; is never used." verbose="The function &apos;kSum&apos; is never used." cwe="561">
            <location file="F:\Benchmark\GitMaterial_CodeWhisperer\ProblemInfoCrawler\output\c\Hard\2189-find-the-k-sum-of-an-array.c" line="24" column="0"/>
            <symbol>kSum</symbol>
        </error>
        <error id="checkersReport" severity="information" msg="Active checkers: 108/836 (use --checkers-report=&lt;filename&gt; to see details)" verbose="Active checkers: 108/836 (use --checkers-report=&lt;filename&gt; to see details)"/>
    </errors>
</results>
